<?xml version="1.0" encoding="UTF-8"?>
<testsuite xmlns:xsi="http://www.w3.org/2001/XMLSchema-instance" xsi:noNamespaceSchemaLocation="https://maven.apache.org/surefire/maven-surefire-plugin/xsd/surefire-test-report-3.0.xsd" version="3.0" name="com.coforge.model.BookTest" time="0.299" tests="1" errors="0" skipped="0" failures="0">
  <properties>
[...]
</properties>
  <testcase name="testGetAllCustomer" classname="com.coforge.model.BookTest" time="0.274">
    <system-out><![CDATA[Book(isbn=67776, bname=spring recipee, author=s kumar)

]]></system-out>
  </testcase>
</testsuite>